********************************************************************************
DUPLICATOR-LITE PACKAGE-LOG: 13.02.2023 10:38
NOTICE: Do NOT post to public sites or forums 
********************************************************************************
VERSION:	1.5.1
WORDPRESS:	6.1.1
PHP INFO:	8.0.18 | SAPI: apache2handler
SERVER:		Apache 
PHP TIME LIMIT: (0) no time limit imposed 
PHP MAX MEMORY: 4294967296 (1536M default) 
MEMORY STACK: 40MB

********************************************************************************
DATABASE:
********************************************************************************
BUILD MODE:   MYSQLDUMP
MYSQLTIMEOUT: 5000
MYSQLDUMP:    Is Supported
SQL CREATED: sportisland_20230213_1baabc7960fe78ed8677_20230213102555_database.sql
SQL FILE SIZE: 1.13MB (1185667)
SQL FILE TIME: 2023-02-13 10:38:49
SQL RUNTIME: 5.01 sec.

********************************************************************************
ARCHIVE (ZIP):
********************************************************************************
ARCHIVE DIR:  W:/domains/sportisland.loc
ARCHIVE FILE: sportisland_20230213_1baabc7960fe78ed8677_20230213102555_archive.zip
FILTERS: *OFF*
DIRS:
	not set
FILES:
	not set
EXTS:  not set
----------------------------------------
COMPRESSING
SIZE:	99.71MB
STATS:	Dirs 648 | Files 4,722
SQL ADDED: sportisland_20230213_1baabc7960fe78ed8677_20230213102555_database.sql
ZipArchive Object
(
    [lastId] => 5369
    [status] => 0
    [statusSys] => 0
    [numFiles] => 5370
    [filename] => W:\domains\sportisland.loc\wp-content\backups-dup-lite\tmp\sportisland_20230213_1baabc7960fe78ed8677_20230213102555_archive.zip
    [comment] => 
)

FILE ADDED TO ZIP: 5369
COMPRESSION RESULT: '1'
COMPRESSED SIZE: 38.83MB
ARCHIVE RUNTIME: 77.22 sec.
MEMORY STACK: 42MB
building installer
ARCHIVE CONSISTENCY TEST: PASS

********************************************************************************
INTEGRITY CHECKS:
********************************************************************************
SQL FILE: 1.13MB
INSTALLER FILE: 73.35KB
ARCHIVE FILE: 40.67MB 
EXPECTED FILE/DIRECTORY COUNT: 5,370
ACTUAL FILE/DIRECTORY COUNT: 5,369
ARCHIVE CONSISTENCY TEST: Pass

********************************************************************************
RECORD ID:[2]
TOTAL PROCESS RUNTIME: 83.68 sec.
PEAK PHP MEMORY USED: 44MB
DONE PROCESSING => sportisland_20230213 13.02.2023 10:40

